The system is: Windows - 10.0.19043 - AMD64
Compiling the C compiler identification source file "CMakeCCompilerId.c" succeeded.
Compiler: C:/Program Files (x86)/Microsoft Visual Studio/2019/Community/VC/Tools/MSVC/14.29.30037/bin/Hostx86/x86/cl.exe 
Build flags: 
Id flags:  

The output was:
0
Оптимизирующий компилятор Microsoft (R) C/C++ версии 19.29.30038.1 для x86
(C) Корпорация Майкрософт (Microsoft Corporation).  Все права защищены.

CMakeCCompilerId.c
Microsoft (R) Incremental Linker Version 14.29.30038.1
Copyright (C) Microsoft Corporation.  All rights reserved.

/out:CMakeCCompilerId.exe 
CMakeCCompilerId.obj 


Compilation of the C compiler identification source "CMakeCCompilerId.c" produced "CMakeCCompilerId.exe"

Compilation of the C compiler identification source "CMakeCCompilerId.c" produced "CMakeCCompilerId.obj"

The C compiler identification is MSVC, found in "C:/Users/keyne/CLionProjects/curs_project/cmake-build-debug/CMakeFiles/3.19.2/CompilerIdC/CMakeCCompilerId.exe"

Detecting C compiler ABI info compiled with the following output:
Change Dir: C:/Users/keyne/CLionProjects/curs_project/cmake-build-debug/CMakeFiles/CMakeTmp

Run Build Command(s):nmake /nologo cmTC_27291\fast && 	"C:\Program Files (x86)\Microsoft Visual Studio\2019\Community\VC\Tools\MSVC\14.29.30037\bin\HostX86\x86\nmake.exe"  -f CMakeFiles\cmTC_27291.dir\build.make /nologo -L                  CMakeFiles\cmTC_27291.dir\build
Building C object CMakeFiles/cmTC_27291.dir/CMakeCCompilerABI.c.obj
	C:\PROGRA~2\MICROS~3\2019\COMMUN~1\VC\Tools\MSVC\1429~1.300\bin\Hostx86\x86\cl.exe @C:\Users\keyne\AppData\Local\Temp\nm36A8.tmp
CMakeCCompilerABI.c
Linking C executable cmTC_27291.exe
	"C:\Program Files\JetBrains\CLion 2021.1.2\bin\cmake\win\bin\cmake.exe" -E vs_link_exe --intdir=CMakeFiles\cmTC_27291.dir --rc=C:\PROGRA~2\WI3CF2~1\10\bin\100190~1.0\x86\rc.exe --mt=C:\PROGRA~2\WI3CF2~1\10\bin\100190~1.0\x86\mt.exe --manifests -- C:\PROGRA~2\MICROS~3\2019\COMMUN~1\VC\Tools\MSVC\1429~1.300\bin\Hostx86\x86\link.exe /nologo @CMakeFiles\cmTC_27291.dir\objects1.rsp @C:\Users\keyne\AppData\Local\Temp\nm3801.tmp



The system is: Windows - 10.0.19043 - AMD64
Compiling the C compiler identification source file "CMakeCCompilerId.c" succeeded.
Compiler: C:/Program Files (x86)/Microsoft Visual Studio/2019/Community/VC/Tools/MSVC/14.29.30037/bin/Hostx86/x86/cl.exe 
Build flags: /DWIN32;/D_WINDOWS
Id flags:  

The output was:
0
Оптимизирующий компилятор Microsoft (R) C/C++ версии 19.29.30038.1 для x86
(C) Корпорация Майкрософт (Microsoft Corporation).  Все права защищены.

CMakeCCompilerId.c
Microsoft (R) Incremental Linker Version 14.29.30038.1
Copyright (C) Microsoft Corporation.  All rights reserved.

/out:CMakeCCompilerId.exe 
CMakeCCompilerId.obj 


Compilation of the C compiler identification source "CMakeCCompilerId.c" produced "CMakeCCompilerId.exe"

Compilation of the C compiler identification source "CMakeCCompilerId.c" produced "CMakeCCompilerId.obj"

The C compiler identification is MSVC, found in "C:/Users/keyne/CLionProjects/curs_project/cmake-build-debug/CMakeFiles/3.20.2/CompilerIdC/CMakeCCompilerId.exe"

Detecting C compiler ABI info compiled with the following output:
Change Dir: C:/Users/keyne/CLionProjects/curs_project/cmake-build-debug/CMakeFiles/CMakeTmp

Run Build Command(s):nmake -f Makefile /nologo cmTC_274c6\fast && 	"C:\Program Files (x86)\Microsoft Visual Studio\2019\Community\VC\Tools\MSVC\14.29.30037\bin\HostX86\x86\nmake.exe"  -f CMakeFiles\cmTC_274c6.dir\build.make /nologo -L                  CMakeFiles\cmTC_274c6.dir\build
Building C object CMakeFiles/cmTC_274c6.dir/CMakeCCompilerABI.c.obj
	"C:\Program Files\JetBrains\CLion 2021.1.2\bin\cmake\win\bin\cmake.exe" -E cmake_cl_compile_depends --dep-file=CMakeFiles\cmTC_274c6.dir\CMakeCCompilerABI.c.obj.d --working-dir=C:\Users\keyne\CLionProjects\curs_project\cmake-build-debug\CMakeFiles\CMakeTmp --filter-prefix="" -- C:\PROGRA~2\MICROS~3\2019\COMMUN~1\VC\Tools\MSVC\1429~1.300\bin\Hostx86\x86\cl.exe @C:\Users\keyne\AppData\Local\Temp\nmBEB.tmp
Linking C executable cmTC_274c6.exe
	"C:\Program Files\JetBrains\CLion 2021.1.2\bin\cmake\win\bin\cmake.exe" -E vs_link_exe --intdir=CMakeFiles\cmTC_274c6.dir --rc=C:\PROGRA~2\WI3CF2~1\10\bin\100190~1.0\x86\rc.exe --mt=C:\PROGRA~2\WI3CF2~1\10\bin\100190~1.0\x86\mt.exe --manifests -- C:\PROGRA~2\MICROS~3\2019\COMMUN~1\VC\Tools\MSVC\1429~1.300\bin\Hostx86\x86\link.exe /nologo @CMakeFiles\cmTC_274c6.dir\objects1.rsp @C:\Users\keyne\AppData\Local\Temp\nmD53.tmp



